<?xml version="1.0" encoding="UTF-8"?>
<testng-results ignored="0" total="4" passed="4" failed="0" skipped="0">
  <reporter-output>
  </reporter-output>
  <suite started-at="2024-01-05T21:38:32 IST" name="Default suite" finished-at="2024-01-05T21:39:12 IST" duration-ms="40363">
    <groups>
      <group name="GoogleProducts">
        <method signature="Group_Test.testGoogleSearch()[pri:0, instance:Perform_All_Test_Annotations.Group_Test@bae7dc0]" name="testGoogleSearch" class="Perform_All_Test_Annotations.Group_Test"/>
        <method signature="Group_Test.testYouTubeSearch()[pri:0, instance:Perform_All_Test_Annotations.Group_Test@bae7dc0]" name="testYouTubeSearch" class="Perform_All_Test_Annotations.Group_Test"/>
      </group> <!-- GoogleProducts -->
      <group name="Ecommerce">
        <method signature="Group_Test.testAmazonPurchase()[pri:0, instance:Perform_All_Test_Annotations.Group_Test@bae7dc0]" name="testAmazonPurchase" class="Perform_All_Test_Annotations.Group_Test"/>
        <method signature="Group_Test.testFlipkartPurchase()[pri:0, instance:Perform_All_Test_Annotations.Group_Test@bae7dc0]" name="testFlipkartPurchase" class="Perform_All_Test_Annotations.Group_Test"/>
      </group> <!-- Ecommerce -->
    </groups>
    <test started-at="2024-01-05T21:38:32 IST" name="Default test" finished-at="2024-01-05T21:39:12 IST" duration-ms="40363">
      <class name="Perform_All_Test_Annotations.Group_Test">
        <test-method is-config="true" signature="setUpBraveBrowser()[pri:0, instance:Perform_All_Test_Annotations.Group_Test@bae7dc0]" started-at="2024-01-05T21:38:32 IST" name="setUpBraveBrowser" finished-at="2024-01-05T21:38:34 IST" duration-ms="2444" status="PASS">
          <reporter-output>
          </reporter-output>
        </test-method> <!-- setUpBraveBrowser -->
        <test-method signature="testAmazonPurchase()[pri:0, instance:Perform_All_Test_Annotations.Group_Test@bae7dc0]" started-at="2024-01-05T21:38:34 IST" name="testAmazonPurchase" finished-at="2024-01-05T21:38:42 IST" duration-ms="8260" status="PASS">
          <reporter-output>
          </reporter-output>
        </test-method> <!-- testAmazonPurchase -->
        <test-method signature="testFlipkartPurchase()[pri:0, instance:Perform_All_Test_Annotations.Group_Test@bae7dc0]" started-at="2024-01-05T21:38:42 IST" name="testFlipkartPurchase" finished-at="2024-01-05T21:38:51 IST" duration-ms="8938" status="PASS">
          <reporter-output>
          </reporter-output>
        </test-method> <!-- testFlipkartPurchase -->
        <test-method signature="testGoogleSearch()[pri:0, instance:Perform_All_Test_Annotations.Group_Test@bae7dc0]" started-at="2024-01-05T21:38:51 IST" name="testGoogleSearch" finished-at="2024-01-05T21:39:00 IST" duration-ms="8678" status="PASS">
          <reporter-output>
          </reporter-output>
        </test-method> <!-- testGoogleSearch -->
        <test-method signature="testYouTubeSearch()[pri:0, instance:Perform_All_Test_Annotations.Group_Test@bae7dc0]" started-at="2024-01-05T21:39:00 IST" name="testYouTubeSearch" finished-at="2024-01-05T21:39:11 IST" duration-ms="11211" status="PASS">
          <reporter-output>
          </reporter-output>
        </test-method> <!-- testYouTubeSearch -->
        <test-method is-config="true" signature="tearDown()[pri:0, instance:Perform_All_Test_Annotations.Group_Test@bae7dc0]" started-at="2024-01-05T21:39:11 IST" name="tearDown" finished-at="2024-01-05T21:39:12 IST" duration-ms="776" status="PASS">
          <reporter-output>
          </reporter-output>
        </test-method> <!-- tearDown -->
      </class> <!-- Perform_All_Test_Annotations.Group_Test -->
    </test> <!-- Default test -->
  </suite> <!-- Default suite -->
</testng-results>
