<?xml version="1.0" encoding="UTF-8"?>
<testng-results ignored="0" total="2" passed="2" failed="0" skipped="0">
  <reporter-output>
  </reporter-output>
  <suite started-at="2024-01-05T21:48:18 IST" name="Default suite" finished-at="2024-01-05T21:48:43 IST" duration-ms="25619">
    <groups>
    </groups>
    <test started-at="2024-01-05T21:48:18 IST" name="Default test" finished-at="2024-01-05T21:48:43 IST" duration-ms="25619">
      <class name="Perform_All_Test_Annotations.TestCase">
        <test-method is-config="true" signature="setUpBraveBrowser()[pri:0, instance:Perform_All_Test_Annotations.TestCase@6fd83fc1]" started-at="2024-01-05T21:48:18 IST" name="setUpBraveBrowser" finished-at="2024-01-05T21:48:21 IST" duration-ms="2768" status="PASS">
          <reporter-output>
          </reporter-output>
        </test-method> <!-- setUpBraveBrowser -->
        <test-method signature="evaluateAmazonSearch()[pri:0, instance:Perform_All_Test_Annotations.TestCase@6fd83fc1]" started-at="2024-01-05T21:48:21 IST" name="evaluateAmazonSearch" finished-at="2024-01-05T21:48:32 IST" duration-ms="11609" status="PASS">
          <reporter-output>
          </reporter-output>
        </test-method> <!-- evaluateAmazonSearch -->
        <test-method signature="evaluateGoogleSearch()[pri:0, instance:Perform_All_Test_Annotations.TestCase@6fd83fc1]" started-at="2024-01-05T21:48:32 IST" name="evaluateGoogleSearch" finished-at="2024-01-05T21:48:43 IST" duration-ms="10564" status="PASS">
          <reporter-output>
          </reporter-output>
        </test-method> <!-- evaluateGoogleSearch -->
        <test-method is-config="true" signature="tearDown()[pri:0, instance:Perform_All_Test_Annotations.TestCase@6fd83fc1]" started-at="2024-01-05T21:48:43 IST" name="tearDown" finished-at="2024-01-05T21:48:43 IST" duration-ms="623" status="PASS">
          <reporter-output>
          </reporter-output>
        </test-method> <!-- tearDown -->
      </class> <!-- Perform_All_Test_Annotations.TestCase -->
    </test> <!-- Default test -->
  </suite> <!-- Default suite -->
</testng-results>
