<?xml version="1.0" encoding="UTF-8"?>
<testng-results ignored="0" total="4" passed="4" failed="0" skipped="0">
  <reporter-output>
  </reporter-output>
  <suite started-at="2024-01-04T17:24:51 IST" name="Default suite" finished-at="2024-01-04T17:25:59 IST" duration-ms="67416">
    <groups>
    </groups>
    <test started-at="2024-01-04T17:24:51 IST" name="Default test" finished-at="2024-01-04T17:25:59 IST" duration-ms="67416">
      <class name="JAVA_TESTING.App">
        <test-method is-config="true" signature="setUp()[pri:0, instance:JAVA_TESTING.App@6392827e]" started-at="2024-01-04T17:24:51 IST" name="setUp" finished-at="2024-01-04T17:25:06 IST" duration-ms="14337" status="PASS">
          <reporter-output>
          </reporter-output>
        </test-method> <!-- setUp -->
        <test-method signature="loginTest()[pri:1, instance:JAVA_TESTING.App@6392827e]" started-at="2024-01-04T17:25:06 IST" name="loginTest" finished-at="2024-01-04T17:25:16 IST" duration-ms="10476" status="PASS">
          <reporter-output>
          </reporter-output>
        </test-method> <!-- loginTest -->
        <test-method signature="searchAndAddToCartTest()[pri:2, instance:JAVA_TESTING.App@6392827e]" started-at="2024-01-04T17:25:16 IST" name="searchAndAddToCartTest" finished-at="2024-01-04T17:25:27 IST" duration-ms="10654" status="PASS">
          <reporter-output>
          </reporter-output>
        </test-method> <!-- searchAndAddToCartTest -->
        <test-method signature="invalidLoginTest()[pri:3, instance:JAVA_TESTING.App@6392827e]" started-at="2024-01-04T17:25:27 IST" name="invalidLoginTest" finished-at="2024-01-04T17:25:38 IST" duration-ms="10666" status="PASS">
          <reporter-output>
          </reporter-output>
        </test-method> <!-- invalidLoginTest -->
        <test-method signature="registrationTest()[pri:4, instance:JAVA_TESTING.App@6392827e]" started-at="2024-01-04T17:25:38 IST" name="registrationTest" finished-at="2024-01-04T17:25:58 IST" duration-ms="20539" status="PASS">
          <reporter-output>
          </reporter-output>
        </test-method> <!-- registrationTest -->
        <test-method is-config="true" signature="tearDown()[pri:0, instance:JAVA_TESTING.App@6392827e]" started-at="2024-01-04T17:25:58 IST" name="tearDown" finished-at="2024-01-04T17:25:59 IST" duration-ms="684" status="PASS">
          <reporter-output>
          </reporter-output>
        </test-method> <!-- tearDown -->
      </class> <!-- JAVA_TESTING.App -->
    </test> <!-- Default test -->
  </suite> <!-- Default suite -->
</testng-results>
