<?xml version="1.0" encoding="UTF-8"?>
<!-- Generated by org.testng.reporters.JUnitXMLReporter -->
<testsuite ignored="0" hostname="King" failures="0" tests="4" name="Default test" time="67.416" errors="0" timestamp="2024-01-04T17:25:59 IST">
  <testcase classname="JAVA_TESTING.App" name="loginTest" time="10.476"/>
  <testcase classname="JAVA_TESTING.App" name="searchAndAddToCartTest" time="10.654"/>
  <testcase classname="JAVA_TESTING.App" name="invalidLoginTest" time="10.666"/>
  <testcase classname="JAVA_TESTING.App" name="registrationTest" time="20.539"/>
</testsuite> <!-- Default test -->
