<?xml version="1.0" encoding="UTF-8"?>
<!-- Generated by org.testng.reporters.JUnitXMLReporter -->
<testsuite ignored="1" hostname="King" failures="0" tests="1" name="Ambassador" time="8.546" errors="0" timestamp="2024-01-12T14:44:15 IST">
  <testcase classname="Perform_All_Test_Annotations.Group_Ambassador" name="testRonaldo" time="8.497"/>
  <testcase classname="Perform_All_Test_Annotations.Group_Ambassador" name="testVirat" time="0.0">
    <ignored/>
  </testcase> <!-- testVirat -->
</testsuite> <!-- Ambassador -->
