<?xml version="1.0" encoding="UTF-8"?>
<!-- Generated by org.testng.reporters.JUnitXMLReporter -->
<testsuite ignored="0" hostname="King" failures="0" tests="4" name="Default test" time="40.363" errors="0" timestamp="2024-01-05T21:39:12 IST">
  <testcase classname="Perform_All_Test_Annotations.Group_Test" name="testAmazonPurchase" time="8.26"/>
  <testcase classname="Perform_All_Test_Annotations.Group_Test" name="testFlipkartPurchase" time="8.938"/>
  <testcase classname="Perform_All_Test_Annotations.Group_Test" name="testGoogleSearch" time="8.678"/>
  <testcase classname="Perform_All_Test_Annotations.Group_Test" name="testYouTubeSearch" time="11.211"/>
</testsuite> <!-- Default test -->
