<?xml version="1.0" encoding="UTF-8"?>
<!-- Generated by org.testng.reporters.JUnitXMLReporter -->
<testsuite ignored="0" hostname="King" failures="0" tests="4" name="Test" time="46.069" errors="0" timestamp="2024-01-12T08:24:39 IST">
  <testcase classname="Perform_All_Test_Annotations.Group_Brand" name="testNike" time="12.162"/>
  <testcase classname="Perform_All_Test_Annotations.Group_Brand" name="testPuma" time="10.288"/>
  <testcase classname="Perform_All_Test_Annotations.Grroup_Ambassador" name="testRonaldo" time="8.967"/>
  <testcase classname="Perform_All_Test_Annotations.Grroup_Ambassador" name="testVirat" time="9.222"/>
</testsuite> <!-- Test -->
